<?xml version="1.0" encoding="UTF-8"?>
<testng-results skipped="0" failed="0" total="1" passed="1">
  <reporter-output>
  </reporter-output>
  <suite name="Default suite" duration-ms="12088" started-at="2019-06-02T06:38:01Z" finished-at="2019-06-02T06:38:13Z">
    <groups>
    </groups>
    <test name="Default test" duration-ms="12088" started-at="2019-06-02T06:38:01Z" finished-at="2019-06-02T06:38:13Z">
      <class name="githubtest.GitHubTest">
        <test-method status="PASS" signature="loginTest()[pri:0, instance:githubtest.GitHubTest@45c8e616]" name="loginTest" duration-ms="12044" started-at="2019-06-02T12:08:01Z" finished-at="2019-06-02T12:08:13Z">
          <reporter-output>
          </reporter-output>
        </test-method> <!-- loginTest -->
      </class> <!-- githubtest.GitHubTest -->
    </test> <!-- Default test -->
  </suite> <!-- Default suite -->
</testng-results>
